# JRE version: OpenJDK Runtime Environment (11.0.10) (build 11.0.10+0-b96-7249189)
# Java VM: OpenJDK 64-Bit Server VM (11.0.10+0-b96-7249189, mixed mode, tiered, compressed oops, g1 gc, windows-amd64)
Heap:
 garbage-first heap   total 417792K, used 292600K [0x0000000080000000, 0x0000000100000000)
  region size 1024K, 66 young (67584K), 13 survivors (13312K)
 Metaspace       used 145982K, capacity 149935K, committed 150144K, reserved 1179648K
  class space    used 18111K, capacity 19574K, committed 19584K, reserved 1048576K
GC Heap History (20 events):
Event: 1958.572 GC heap before
{Heap before GC invocations=42 (full 0):
 garbage-first heap   total 262144K, used 183107K [0x0000000080000000, 0x0000000100000000)
  region size 1024K, 42 young (43008K), 5 survivors (5120K)
 Metaspace       used 134976K, capacity 138858K, committed 138880K, reserved 1169408K
  class space    used 16878K, capacity 18287K, committed 18304K, reserved 1048576K
}
Event: 1958.576 GC heap after
{Heap after GC invocations=43 (full 0):
 garbage-first heap   total 262144K, used 145226K [0x0000000080000000, 0x0000000100000000)
  region size 1024K, 6 young (6144K), 6 survivors (6144K)
 Metaspace       used 134976K, capacity 138858K, committed 138880K, reserved 1169408K
  class space    used 16878K, capacity 18287K, committed 18304K, reserved 1048576K
}
Event: 1958.968 GC heap before
{Heap before GC invocations=44 (full 0):
 garbage-first heap   total 262144K, used 230218K [0x0000000080000000, 0x0000000100000000)
  region size 1024K, 85 young (87040K), 6 survivors (6144K)
 Metaspace       used 135203K, capacity 138929K, committed 139392K, reserved 1171456K
  class space    used 16826K, capacity 18146K, committed 18304K, reserved 1048576K
}
Event: 1958.997 GC heap after
{Heap after GC invocations=45 (full 0):
 garbage-first heap   total 274432K, used 184236K [0x0000000080000000, 0x0000000100000000)
  region size 1024K, 11 young (11264K), 11 survivors (11264K)
 Metaspace       used 135203K, capacity 138929K, committed 139392K, reserved 1171456K
  class space    used 16826K, capacity 18146K, committed 18304K, reserved 1048576K
}
Event: 1959.013 GC heap before
{Heap before GC invocations=45 (full 0):
 garbage-first heap   total 274432K, used 186284K [0x0000000080000000, 0x0000000100000000)
  region size 1024K, 13 young (13312K), 11 survivors (11264K)
 Metaspace       used 135203K, capacity 138929K, committed 139392K, reserved 1171456K
  class space    used 16826K, capacity 18146K, committed 18304K, reserved 1048576K
}
Event: 1959.047 GC heap after
{Heap after GC invocations=46 (full 0):
 garbage-first heap   total 274432K, used 175787K [0x0000000080000000, 0x0000000100000000)
  region size 1024K, 2 young (2048K), 2 survivors (2048K)
 Metaspace       used 135203K, capacity 138929K, committed 139392K, reserved 1171456K
  class space    used 16826K, capacity 18146K, committed 18304K, reserved 1048576K
}
Event: 1959.312 GC heap before
{Heap before GC invocations=46 (full 0):
 garbage-first heap   total 274432K, used 218795K [0x0000000080000000, 0x0000000100000000)
  region size 1024K, 44 young (45056K), 2 survivors (2048K)
 Metaspace       used 135556K, capacity 139385K, committed 139776K, reserved 1171456K
  class space    used 16881K, capacity 18253K, committed 18432K, reserved 1048576K
}
Event: 1959.321 GC heap after
{Heap after GC invocations=47 (full 0):
 garbage-first heap   total 274432K, used 184320K [0x0000000080000000, 0x0000000100000000)
  region size 1024K, 6 young (6144K), 6 survivors (6144K)
 Metaspace       used 135556K, capacity 139385K, committed 139776K, reserved 1171456K
  class space    used 16881K, capacity 18253K, committed 18432K, reserved 1048576K
}
Event: 1959.498 GC heap before
{Heap before GC invocations=47 (full 0):
 garbage-first heap   total 274432K, used 223232K [0x0000000080000000, 0x0000000100000000)
  region size 1024K, 44 young (45056K), 6 survivors (6144K)
 Metaspace       used 136004K, capacity 139804K, committed 140288K, reserved 1171456K
  class space    used 16931K, capacity 18286K, committed 18432K, reserved 1048576K
}
Event: 1959.508 GC heap after
{Heap after GC invocations=48 (full 0):
 garbage-first heap   total 274432K, used 191765K [0x0000000080000000, 0x0000000100000000)
  region size 1024K, 6 young (6144K), 6 survivors (6144K)
 Metaspace       used 136004K, capacity 139804K, committed 140288K, reserved 1171456K
  class space    used 16931K, capacity 18286K, committed 18432K, reserved 1048576K
}
Event: 1959.636 GC heap before
{Heap before GC invocations=48 (full 0):
 garbage-first heap   total 274432K, used 226581K [0x0000000080000000, 0x0000000100000000)
  region size 1024K, 40 young (40960K), 6 survivors (6144K)
 Metaspace       used 136253K, capacity 140028K, committed 140288K, reserved 1171456K
  class space    used 16955K, capacity 18318K, committed 18432K, reserved 1048576K
}
Event: 1959.650 GC heap after
{Heap after GC invocations=49 (full 0):
 garbage-first heap   total 417792K, used 196717K [0x0000000080000000, 0x0000000100000000)
  region size 1024K, 5 young (5120K), 5 survivors (5120K)
 Metaspace       used 136253K, capacity 140028K, committed 140288K, reserved 1171456K
  class space    used 16955K, capacity 18318K, committed 18432K, reserved 1048576K
}
Event: 1960.158 GC heap before
{Heap before GC invocations=49 (full 0):
 garbage-first heap   total 417792K, used 289901K [0x0000000080000000, 0x0000000100000000)
  region size 1024K, 95 young (97280K), 5 survivors (5120K)
 Metaspace       used 136665K, capacity 140422K, committed 140800K, reserved 1171456K
  class space    used 16988K, capacity 18360K, committed 18432K, reserved 1048576K
}
Event: 1960.166 GC heap after
{Heap after GC invocations=50 (full 0):
 garbage-first heap   total 417792K, used 200694K [0x0000000080000000, 0x0000000100000000)
  region size 1024K, 7 young (7168K), 7 survivors (7168K)
 Metaspace       used 136665K, capacity 140422K, committed 140800K, reserved 1171456K
  class space    used 16988K, capacity 18360K, committed 18432K, reserved 1048576K
}
Event: 1960.489 GC heap before
{Heap before GC invocations=50 (full 0):
 garbage-first heap   total 417792K, used 307190K [0x0000000080000000, 0x0000000100000000)
  region size 1024K, 103 young (105472K), 7 survivors (7168K)
 Metaspace       used 137647K, capacity 141433K, committed 141696K, reserved 1173504K
  class space    used 17096K, capacity 18455K, committed 18560K, reserved 1048576K
}
Event: 1960.505 GC heap after
{Heap after GC invocations=51 (full 0):
 garbage-first heap   total 417792K, used 221370K [0x0000000080000000, 0x0000000100000000)
  region size 1024K, 13 young (13312K), 13 survivors (13312K)
 Metaspace       used 137647K, capacity 141433K, committed 141696K, reserved 1173504K
  class space    used 17096K, capacity 18455K, committed 18560K, reserved 1048576K
}
Event: 1961.862 GC heap before
{Heap before GC invocations=51 (full 0):
 garbage-first heap   total 417792K, used 315578K [0x0000000080000000, 0x0000000100000000)
  region size 1024K, 104 young (106496K), 13 survivors (13312K)
 Metaspace       used 144081K, capacity 148008K, committed 148096K, reserved 1177600K
  class space    used 17903K, capacity 19321K, committed 19328K, reserved 1048576K
}
Event: 1961.874 GC heap after
{Heap after GC invocations=52 (full 0):
 garbage-first heap   total 417792K, used 229548K [0x0000000080000000, 0x0000000100000000)
  region size 1024K, 8 young (8192K), 8 survivors (8192K)
 Metaspace       used 144081K, capacity 148008K, committed 148096K, reserved 1177600K
  class space    used 17903K, capacity 19321K, committed 19328K, reserved 1048576K
}
Event: 1962.494 GC heap before
{Heap before GC invocations=52 (full 0):
 garbage-first heap   total 417792K, used 324780K [0x0000000080000000, 0x0000000100000000)
  region size 1024K, 98 young (100352K), 8 survivors (8192K)
 Metaspace       used 145896K, capacity 149829K, committed 149888K, reserved 1179648K
  class space    used 18107K, capacity 19568K, committed 19584K, reserved 1048576K
}
Event: 1962.504 GC heap after
{Heap after GC invocations=53 (full 0):
 garbage-first heap   total 417792K, used 238328K [0x0000000080000000, 0x0000000100000000)
  region size 1024K, 13 young (13312K), 13 survivors (13312K)
 Metaspace       used 145896K, capacity 149829K, committed 149888K, reserved 1179648K
  class space    used 18107K, capacity 19568K, committed 19584K, reserved 1048576K
}

