# JRE version: OpenJDK Runtime Environment (11.0.10) (build 11.0.10+0-b96-7249189)
# Java VM: OpenJDK 64-Bit Server VM (11.0.10+0-b96-7249189, mixed mode, tiered, compressed oops, g1 gc, windows-amd64)
Heap:
 garbage-first heap   total 262144K, used 91356K [0x0000000080000000, 0x0000000100000000)
  region size 1024K, 44 young (45056K), 3 survivors (3072K)
 Metaspace       used 62256K, capacity 63699K, committed 63820K, reserved 1103872K
  class space    used 7914K, capacity 8444K, committed 8524K, reserved 1048576K
GC Heap History (14 events):
Event: 0.670 GC heap before
{Heap before GC invocations=0 (full 0):
 garbage-first heap   total 262144K, used 29696K [0x0000000080000000, 0x0000000100000000)
  region size 1024K, 24 young (24576K), 0 survivors (0K)
 Metaspace       used 9786K, capacity 9986K, committed 10112K, reserved 1058816K
  class space    used 1022K, capacity 1102K, committed 1152K, reserved 1048576K
}
Event: 0.674 GC heap after
{Heap after GC invocations=1 (full 0):
 garbage-first heap   total 262144K, used 9649K [0x0000000080000000, 0x0000000100000000)
  region size 1024K, 3 young (3072K), 3 survivors (3072K)
 Metaspace       used 9786K, capacity 9986K, committed 10112K, reserved 1058816K
  class space    used 1022K, capacity 1102K, committed 1152K, reserved 1048576K
}
Event: 2.319 GC heap before
{Heap before GC invocations=1 (full 0):
 garbage-first heap   total 262144K, used 104881K [0x0000000080000000, 0x0000000100000000)
  region size 1024K, 97 young (99328K), 3 survivors (3072K)
 Metaspace       used 20602K, capacity 21118K, committed 21248K, reserved 1067008K
  class space    used 2519K, capacity 2720K, committed 2816K, reserved 1048576K
}
Event: 2.327 GC heap after
{Heap after GC invocations=2 (full 0):
 garbage-first heap   total 262144K, used 16373K [0x0000000080000000, 0x0000000100000000)
  region size 1024K, 10 young (10240K), 10 survivors (10240K)
 Metaspace       used 20602K, capacity 21118K, committed 21248K, reserved 1067008K
  class space    used 2519K, capacity 2720K, committed 2816K, reserved 1048576K
}
Event: 2.910 GC heap before
{Heap before GC invocations=3 (full 0):
 garbage-first heap   total 262144K, used 77813K [0x0000000080000000, 0x0000000100000000)
  region size 1024K, 71 young (72704K), 10 survivors (10240K)
 Metaspace       used 26549K, capacity 27194K, committed 27392K, reserved 1073152K
  class space    used 3503K, capacity 3753K, committed 3840K, reserved 1048576K
}
Event: 2.917 GC heap after
{Heap after GC invocations=4 (full 0):
 garbage-first heap   total 262144K, used 18887K [0x0000000080000000, 0x0000000100000000)
  region size 1024K, 3 young (3072K), 3 survivors (3072K)
 Metaspace       used 26549K, capacity 27194K, committed 27392K, reserved 1073152K
  class space    used 3503K, capacity 3753K, committed 3840K, reserved 1048576K
}
Event: 3.655 GC heap before
{Heap before GC invocations=4 (full 0):
 garbage-first heap   total 262144K, used 65991K [0x0000000080000000, 0x0000000100000000)
  region size 1024K, 51 young (52224K), 3 survivors (3072K)
 Metaspace       used 35031K, capacity 35830K, committed 35840K, reserved 1081344K
  class space    used 4545K, capacity 4864K, committed 4864K, reserved 1048576K
}
Event: 3.662 GC heap after
{Heap after GC invocations=5 (full 0):
 garbage-first heap   total 262144K, used 21978K [0x0000000080000000, 0x0000000100000000)
  region size 1024K, 6 young (6144K), 6 survivors (6144K)
 Metaspace       used 35031K, capacity 35830K, committed 35840K, reserved 1081344K
  class space    used 4545K, capacity 4864K, committed 4864K, reserved 1048576K
}
Event: 4.800 GC heap before
{Heap before GC invocations=6 (full 0):
 garbage-first heap   total 262144K, used 142810K [0x0000000080000000, 0x0000000100000000)
  region size 1024K, 121 young (123904K), 6 survivors (6144K)
 Metaspace       used 43887K, capacity 44907K, committed 45004K, reserved 1087488K
  class space    used 5637K, capacity 6003K, committed 6092K, reserved 1048576K
}
Event: 4.808 GC heap after
{Heap after GC invocations=7 (full 0):
 garbage-first heap   total 262144K, used 28508K [0x0000000080000000, 0x0000000100000000)
  region size 1024K, 12 young (12288K), 12 survivors (12288K)
 Metaspace       used 43887K, capacity 44907K, committed 45004K, reserved 1087488K
  class space    used 5637K, capacity 6003K, committed 6092K, reserved 1048576K
}
Event: 6.627 GC heap before
{Heap before GC invocations=7 (full 0):
 garbage-first heap   total 262144K, used 174940K [0x0000000080000000, 0x0000000100000000)
  region size 1024K, 149 young (152576K), 12 survivors (12288K)
 Metaspace       used 57378K, capacity 58833K, committed 59084K, reserved 1099776K
  class space    used 7292K, capacity 7832K, committed 7884K, reserved 1048576K
}
Event: 6.646 GC heap after
{Heap after GC invocations=8 (full 0):
 garbage-first heap   total 262144K, used 48461K [0x0000000080000000, 0x0000000100000000)
  region size 1024K, 19 young (19456K), 19 survivors (19456K)
 Metaspace       used 57378K, capacity 58833K, committed 59084K, reserved 1099776K
  class space    used 7292K, capacity 7832K, committed 7884K, reserved 1048576K
}
Event: 6.794 GC heap before
{Heap before GC invocations=8 (full 0):
 garbage-first heap   total 262144K, used 55629K [0x0000000080000000, 0x0000000100000000)
  region size 1024K, 27 young (27648K), 19 survivors (19456K)
 Metaspace       used 58616K, capacity 60173K, committed 60236K, reserved 1101824K
  class space    used 7439K, capacity 7980K, committed 8012K, reserved 1048576K
}
Event: 6.816 GC heap after
{Heap after GC invocations=9 (full 0):
 garbage-first heap   total 262144K, used 51420K [0x0000000080000000, 0x0000000100000000)
  region size 1024K, 3 young (3072K), 3 survivors (3072K)
 Metaspace       used 58616K, capacity 60173K, committed 60236K, reserved 1101824K
  class space    used 7439K, capacity 7980K, committed 8012K, reserved 1048576K
}

