# JRE version: OpenJDK Runtime Environment (11.0.10) (build 11.0.10+0-b96-7249189)
# Java VM: OpenJDK 64-Bit Server VM (11.0.10+0-b96-7249189, mixed mode, tiered, compressed oops, g1 gc, windows-amd64)
Heap:
 garbage-first heap   total 262144K, used 137646K [0x0000000080000000, 0x0000000100000000)
  region size 1024K, 89 young (91136K), 9 survivors (9216K)
 Metaspace       used 70024K, capacity 71688K, committed 72012K, reserved 1112064K
  class space    used 9098K, capacity 9718K, committed 9804K, reserved 1048576K
GC Heap History (16 events):
Event: 0.680 GC heap before
{Heap before GC invocations=0 (full 0):
 garbage-first heap   total 262144K, used 29696K [0x0000000080000000, 0x0000000100000000)
  region size 1024K, 24 young (24576K), 0 survivors (0K)
 Metaspace       used 9804K, capacity 9990K, committed 10112K, reserved 1058816K
  class space    used 1022K, capacity 1102K, committed 1152K, reserved 1048576K
}
Event: 0.685 GC heap after
{Heap after GC invocations=1 (full 0):
 garbage-first heap   total 262144K, used 9155K [0x0000000080000000, 0x0000000100000000)
  region size 1024K, 3 young (3072K), 3 survivors (3072K)
 Metaspace       used 9804K, capacity 9990K, committed 10112K, reserved 1058816K
  class space    used 1022K, capacity 1102K, committed 1152K, reserved 1048576K
}
Event: 2.251 GC heap before
{Heap before GC invocations=1 (full 0):
 garbage-first heap   total 262144K, used 104387K [0x0000000080000000, 0x0000000100000000)
  region size 1024K, 97 young (99328K), 3 survivors (3072K)
 Metaspace       used 20592K, capacity 21122K, committed 21248K, reserved 1067008K
  class space    used 2519K, capacity 2720K, committed 2816K, reserved 1048576K
}
Event: 2.260 GC heap after
{Heap after GC invocations=2 (full 0):
 garbage-first heap   total 262144K, used 16522K [0x0000000080000000, 0x0000000100000000)
  region size 1024K, 11 young (11264K), 11 survivors (11264K)
 Metaspace       used 20592K, capacity 21122K, committed 21248K, reserved 1067008K
  class space    used 2519K, capacity 2720K, committed 2816K, reserved 1048576K
}
Event: 2.792 GC heap before
{Heap before GC invocations=3 (full 0):
 garbage-first heap   total 262144K, used 77962K [0x0000000080000000, 0x0000000100000000)
  region size 1024K, 71 young (72704K), 11 survivors (11264K)
 Metaspace       used 26471K, capacity 27134K, committed 27392K, reserved 1073152K
  class space    used 3493K, capacity 3753K, committed 3840K, reserved 1048576K
}
Event: 2.798 GC heap after
{Heap after GC invocations=4 (full 0):
 garbage-first heap   total 262144K, used 18751K [0x0000000080000000, 0x0000000100000000)
  region size 1024K, 3 young (3072K), 3 survivors (3072K)
 Metaspace       used 26471K, capacity 27134K, committed 27392K, reserved 1073152K
  class space    used 3493K, capacity 3753K, committed 3840K, reserved 1048576K
}
Event: 3.468 GC heap before
{Heap before GC invocations=4 (full 0):
 garbage-first heap   total 262144K, used 65855K [0x0000000080000000, 0x0000000100000000)
  region size 1024K, 51 young (52224K), 3 survivors (3072K)
 Metaspace       used 35003K, capacity 35834K, committed 35840K, reserved 1081344K
  class space    used 4538K, capacity 4864K, committed 4864K, reserved 1048576K
}
Event: 3.476 GC heap after
{Heap after GC invocations=5 (full 0):
 garbage-first heap   total 262144K, used 21774K [0x0000000080000000, 0x0000000100000000)
  region size 1024K, 6 young (6144K), 6 survivors (6144K)
 Metaspace       used 35003K, capacity 35834K, committed 35840K, reserved 1081344K
  class space    used 4538K, capacity 4864K, committed 4864K, reserved 1048576K
}
Event: 4.677 GC heap before
{Heap before GC invocations=6 (full 0):
 garbage-first heap   total 262144K, used 141582K [0x0000000080000000, 0x0000000100000000)
  region size 1024K, 120 young (122880K), 6 survivors (6144K)
 Metaspace       used 43816K, capacity 44910K, committed 45004K, reserved 1087488K
  class space    used 5617K, capacity 6003K, committed 6092K, reserved 1048576K
}
Event: 4.691 GC heap after
{Heap after GC invocations=7 (full 0):
 garbage-first heap   total 262144K, used 28914K [0x0000000080000000, 0x0000000100000000)
  region size 1024K, 13 young (13312K), 13 survivors (13312K)
 Metaspace       used 43816K, capacity 44910K, committed 45004K, reserved 1087488K
  class space    used 5617K, capacity 6003K, committed 6092K, reserved 1048576K
}
Event: 6.274 GC heap before
{Heap before GC invocations=7 (full 0):
 garbage-first heap   total 262144K, used 173298K [0x0000000080000000, 0x0000000100000000)
  region size 1024K, 148 young (151552K), 13 survivors (13312K)
 Metaspace       used 56308K, capacity 57640K, committed 57932K, reserved 1099776K
  class space    used 7159K, capacity 7645K, committed 7756K, reserved 1048576K
}
Event: 6.288 GC heap after
{Heap after GC invocations=8 (full 0):
 garbage-first heap   total 262144K, used 47414K [0x0000000080000000, 0x0000000100000000)
  region size 1024K, 19 young (19456K), 19 survivors (19456K)
 Metaspace       used 56308K, capacity 57640K, committed 57932K, reserved 1099776K
  class space    used 7159K, capacity 7645K, committed 7756K, reserved 1048576K
}
Event: 6.444 GC heap before
{Heap before GC invocations=8 (full 0):
 garbage-first heap   total 262144K, used 58678K [0x0000000080000000, 0x0000000100000000)
  region size 1024K, 31 young (31744K), 19 survivors (19456K)
 Metaspace       used 58610K, capacity 60137K, committed 60236K, reserved 1101824K
  class space    used 7443K, capacity 7987K, committed 8012K, reserved 1048576K
}
Event: 6.464 GC heap after
{Heap after GC invocations=9 (full 0):
 garbage-first heap   total 262144K, used 51078K [0x0000000080000000, 0x0000000100000000)
  region size 1024K, 3 young (3072K), 3 survivors (3072K)
 Metaspace       used 58610K, capacity 60137K, committed 60236K, reserved 1101824K
  class space    used 7443K, capacity 7987K, committed 8012K, reserved 1048576K
}
Event: 7.195 GC heap before
{Heap before GC invocations=10 (full 0):
 garbage-first heap   total 262144K, used 138118K [0x0000000080000000, 0x0000000100000000)
  region size 1024K, 88 young (90112K), 3 survivors (3072K)
 Metaspace       used 63761K, capacity 65428K, committed 65612K, reserved 1105920K
  class space    used 8122K, capacity 8709K, committed 8780K, reserved 1048576K
}
Event: 7.210 GC heap after
{Heap after GC invocations=11 (full 0):
 garbage-first heap   total 262144K, used 56750K [0x0000000080000000, 0x0000000100000000)
  region size 1024K, 9 young (9216K), 9 survivors (9216K)
 Metaspace       used 63761K, capacity 65428K, committed 65612K, reserved 1105920K
  class space    used 8122K, capacity 8709K, committed 8780K, reserved 1048576K
}

