# JRE version: OpenJDK Runtime Environment (11.0.10) (build 11.0.10+0-b96-7249189)
# Java VM: OpenJDK 64-Bit Server VM (11.0.10+0-b96-7249189, mixed mode, tiered, compressed oops, g1 gc, windows-amd64)
Heap:
 garbage-first heap   total 262144K, used 208582K [0x0000000080000000, 0x0000000100000000)
  region size 1024K, 55 young (56320K), 5 survivors (5120K)
 Metaspace       used 112775K, capacity 115908K, committed 117152K, reserved 1150976K
  class space    used 14591K, capacity 15822K, committed 16288K, reserved 1048576K
GC Heap History (20 events):
Event: 505.461 GC heap before
{Heap before GC invocations=22 (full 0):
 garbage-first heap   total 262144K, used 199965K [0x0000000080000000, 0x0000000100000000)
  region size 1024K, 95 young (97280K), 14 survivors (14336K)
 Metaspace       used 110807K, capacity 113801K, committed 115232K, reserved 1148928K
  class space    used 14466K, capacity 15625K, committed 16160K, reserved 1048576K
}
Event: 505.475 GC heap after
{Heap after GC invocations=23 (full 0):
 garbage-first heap   total 262144K, used 129024K [0x0000000080000000, 0x0000000100000000)
  region size 1024K, 12 young (12288K), 12 survivors (12288K)
 Metaspace       used 110807K, capacity 113801K, committed 115232K, reserved 1148928K
  class space    used 14466K, capacity 15625K, committed 16160K, reserved 1048576K
}
Event: 505.821 GC heap before
{Heap before GC invocations=23 (full 0):
 garbage-first heap   total 262144K, used 202752K [0x0000000080000000, 0x0000000100000000)
  region size 1024K, 85 young (87040K), 12 survivors (12288K)
 Metaspace       used 111268K, capacity 114295K, committed 115872K, reserved 1148928K
  class space    used 14514K, capacity 15681K, committed 16288K, reserved 1048576K
}
Event: 505.836 GC heap after
{Heap after GC invocations=24 (full 0):
 garbage-first heap   total 262144K, used 137819K [0x0000000080000000, 0x0000000100000000)
  region size 1024K, 10 young (10240K), 10 survivors (10240K)
 Metaspace       used 111268K, capacity 114295K, committed 115872K, reserved 1148928K
  class space    used 14514K, capacity 15681K, committed 16288K, reserved 1048576K
}
Event: 506.112 GC heap before
{Heap before GC invocations=24 (full 0):
 garbage-first heap   total 262144K, used 207451K [0x0000000080000000, 0x0000000100000000)
  region size 1024K, 78 young (79872K), 10 survivors (10240K)
 Metaspace       used 111820K, capacity 114867K, committed 116384K, reserved 1148928K
  class space    used 14525K, capacity 15690K, committed 16288K, reserved 1048576K
}
Event: 506.144 GC heap after
{Heap after GC invocations=25 (full 0):
 garbage-first heap   total 262144K, used 144819K [0x0000000080000000, 0x0000000100000000)
  region size 1024K, 8 young (8192K), 8 survivors (8192K)
 Metaspace       used 111820K, capacity 114867K, committed 116384K, reserved 1148928K
  class space    used 14525K, capacity 15690K, committed 16288K, reserved 1048576K
}
Event: 506.281 GC heap before
{Heap before GC invocations=25 (full 0):
 garbage-first heap   total 262144K, used 211379K [0x0000000080000000, 0x0000000100000000)
  region size 1024K, 73 young (74752K), 8 survivors (8192K)
 Metaspace       used 112055K, capacity 115065K, committed 116640K, reserved 1148928K
  class space    used 14526K, capacity 15692K, committed 16288K, reserved 1048576K
}
Event: 506.291 GC heap after
{Heap after GC invocations=26 (full 0):
 garbage-first heap   total 262144K, used 151504K [0x0000000080000000, 0x0000000100000000)
  region size 1024K, 7 young (7168K), 7 survivors (7168K)
 Metaspace       used 112055K, capacity 115065K, committed 116640K, reserved 1148928K
  class space    used 14526K, capacity 15692K, committed 16288K, reserved 1048576K
}
Event: 506.493 GC heap before
{Heap before GC invocations=27 (full 0):
 garbage-first heap   total 262144K, used 213968K [0x0000000080000000, 0x0000000100000000)
  region size 1024K, 68 young (69632K), 7 survivors (7168K)
 Metaspace       used 112062K, capacity 115128K, committed 116640K, reserved 1148928K
  class space    used 14526K, capacity 15691K, committed 16288K, reserved 1048576K
}
Event: 506.500 GC heap after
{Heap after GC invocations=28 (full 0):
 garbage-first heap   total 262144K, used 153936K [0x0000000080000000, 0x0000000100000000)
  region size 1024K, 3 young (3072K), 3 survivors (3072K)
 Metaspace       used 112062K, capacity 115128K, committed 116640K, reserved 1148928K
  class space    used 14526K, capacity 15691K, committed 16288K, reserved 1048576K
}
Event: 506.638 GC heap before
{Heap before GC invocations=28 (full 0):
 garbage-first heap   total 262144K, used 216400K [0x0000000080000000, 0x0000000100000000)
  region size 1024K, 64 young (65536K), 3 survivors (3072K)
 Metaspace       used 112299K, capacity 115442K, committed 116640K, reserved 1148928K
  class space    used 14586K, capacity 15820K, committed 16288K, reserved 1048576K
}
Event: 506.646 GC heap after
{Heap after GC invocations=29 (full 0):
 garbage-first heap   total 262144K, used 154458K [0x0000000080000000, 0x0000000100000000)
  region size 1024K, 3 young (3072K), 3 survivors (3072K)
 Metaspace       used 112299K, capacity 115442K, committed 116640K, reserved 1148928K
  class space    used 14586K, capacity 15820K, committed 16288K, reserved 1048576K
}
Event: 506.915 GC heap before
{Heap before GC invocations=29 (full 0):
 garbage-first heap   total 262144K, used 218970K [0x0000000080000000, 0x0000000100000000)
  region size 1024K, 66 young (67584K), 3 survivors (3072K)
 Metaspace       used 112449K, capacity 115639K, committed 116896K, reserved 1150976K
  class space    used 14588K, capacity 15820K, committed 16288K, reserved 1048576K
}
Event: 506.919 GC heap after
{Heap after GC invocations=30 (full 0):
 garbage-first heap   total 262144K, used 154076K [0x0000000080000000, 0x0000000100000000)
  region size 1024K, 3 young (3072K), 3 survivors (3072K)
 Metaspace       used 112449K, capacity 115639K, committed 116896K, reserved 1150976K
  class space    used 14588K, capacity 15820K, committed 16288K, reserved 1048576K
}
Event: 507.057 GC heap before
{Heap before GC invocations=31 (full 0):
 garbage-first heap   total 262144K, used 219612K [0x0000000080000000, 0x0000000100000000)
  region size 1024K, 68 young (69632K), 3 survivors (3072K)
 Metaspace       used 112567K, capacity 115712K, committed 116896K, reserved 1150976K
  class space    used 14591K, capacity 15822K, committed 16288K, reserved 1048576K
}
Event: 507.061 GC heap after
{Heap after GC invocations=32 (full 0):
 garbage-first heap   total 262144K, used 157660K [0x0000000080000000, 0x0000000100000000)
  region size 1024K, 6 young (6144K), 6 survivors (6144K)
 Metaspace       used 112567K, capacity 115712K, committed 116896K, reserved 1150976K
  class space    used 14591K, capacity 15822K, committed 16288K, reserved 1048576K
}
Event: 507.069 GC heap before
{Heap before GC invocations=32 (full 0):
 garbage-first heap   total 262144K, used 163804K [0x0000000080000000, 0x0000000100000000)
  region size 1024K, 12 young (12288K), 6 survivors (6144K)
 Metaspace       used 112567K, capacity 115712K, committed 116896K, reserved 1150976K
  class space    used 14591K, capacity 15822K, committed 16288K, reserved 1048576K
}
Event: 507.080 GC heap after
{Heap after GC invocations=33 (full 0):
 garbage-first heap   total 262144K, used 155199K [0x0000000080000000, 0x0000000100000000)
  region size 1024K, 1 young (1024K), 1 survivors (1024K)
 Metaspace       used 112567K, capacity 115712K, committed 116896K, reserved 1150976K
  class space    used 14591K, capacity 15822K, committed 16288K, reserved 1048576K
}
Event: 507.178 GC heap before
{Heap before GC invocations=33 (full 0):
 garbage-first heap   total 262144K, used 219711K [0x0000000080000000, 0x0000000100000000)
  region size 1024K, 65 young (66560K), 1 survivors (1024K)
 Metaspace       used 112632K, capacity 115778K, committed 116896K, reserved 1150976K
  class space    used 14591K, capacity 15822K, committed 16288K, reserved 1048576K
}
Event: 507.197 GC heap after
{Heap after GC invocations=34 (full 0):
 garbage-first heap   total 262144K, used 158406K [0x0000000080000000, 0x0000000100000000)
  region size 1024K, 5 young (5120K), 5 survivors (5120K)
 Metaspace       used 112632K, capacity 115778K, committed 116896K, reserved 1150976K
  class space    used 14591K, capacity 15822K, committed 16288K, reserved 1048576K
}

