# JRE version: OpenJDK Runtime Environment (11.0.10) (build 11.0.10+0-b96-7249189)
# Java VM: OpenJDK 64-Bit Server VM (11.0.10+0-b96-7249189, mixed mode, tiered, compressed oops, g1 gc, windows-amd64)
Heap:
 garbage-first heap   total 262144K, used 86800K [0x0000000080000000, 0x0000000100000000)
  region size 1024K, 70 young (71680K), 12 survivors (12288K)
 Metaspace       used 46867K, capacity 48086K, committed 48256K, reserved 1091584K
  class space    used 5998K, capacity 6440K, committed 6528K, reserved 1048576K
GC Heap History (10 events):
Event: 0.585 GC heap before
{Heap before GC invocations=0 (full 0):
 garbage-first heap   total 262144K, used 29696K [0x0000000080000000, 0x0000000100000000)
  region size 1024K, 24 young (24576K), 0 survivors (0K)
 Metaspace       used 9788K, capacity 9986K, committed 10112K, reserved 1058816K
  class space    used 1021K, capacity 1102K, committed 1152K, reserved 1048576K
}
Event: 0.589 GC heap after
{Heap after GC invocations=1 (full 0):
 garbage-first heap   total 262144K, used 9091K [0x0000000080000000, 0x0000000100000000)
  region size 1024K, 3 young (3072K), 3 survivors (3072K)
 Metaspace       used 9788K, capacity 9986K, committed 10112K, reserved 1058816K
  class space    used 1021K, capacity 1102K, committed 1152K, reserved 1048576K
}
Event: 2.162 GC heap before
{Heap before GC invocations=1 (full 0):
 garbage-first heap   total 262144K, used 105347K [0x0000000080000000, 0x0000000100000000)
  region size 1024K, 98 young (100352K), 3 survivors (3072K)
 Metaspace       used 20616K, capacity 21140K, committed 21248K, reserved 1067008K
  class space    used 2526K, capacity 2728K, committed 2816K, reserved 1048576K
}
Event: 2.170 GC heap after
{Heap after GC invocations=2 (full 0):
 garbage-first heap   total 262144K, used 16991K [0x0000000080000000, 0x0000000100000000)
  region size 1024K, 11 young (11264K), 11 survivors (11264K)
 Metaspace       used 20616K, capacity 21140K, committed 21248K, reserved 1067008K
  class space    used 2526K, capacity 2728K, committed 2816K, reserved 1048576K
}
Event: 2.335 GC heap before
{Heap before GC invocations=3 (full 0):
 garbage-first heap   total 262144K, used 39519K [0x0000000080000000, 0x0000000100000000)
  region size 1024K, 33 young (33792K), 11 survivors (11264K)
 Metaspace       used 22393K, capacity 22992K, committed 23040K, reserved 1069056K
  class space    used 2856K, capacity 3072K, committed 3072K, reserved 1048576K
}
Event: 2.339 GC heap after
{Heap after GC invocations=4 (full 0):
 garbage-first heap   total 262144K, used 17517K [0x0000000080000000, 0x0000000100000000)
  region size 1024K, 1 young (1024K), 1 survivors (1024K)
 Metaspace       used 22393K, capacity 22992K, committed 23040K, reserved 1069056K
  class space    used 2856K, capacity 3072K, committed 3072K, reserved 1048576K
}
Event: 3.415 GC heap before
{Heap before GC invocations=4 (full 0):
 garbage-first heap   total 262144K, used 104557K [0x0000000080000000, 0x0000000100000000)
  region size 1024K, 88 young (90112K), 1 survivors (1024K)
 Metaspace       used 35022K, capacity 35798K, committed 35840K, reserved 1081344K
  class space    used 4538K, capacity 4832K, committed 4864K, reserved 1048576K
}
Event: 3.422 GC heap after
{Heap after GC invocations=5 (full 0):
 garbage-first heap   total 262144K, used 22026K [0x0000000080000000, 0x0000000100000000)
  region size 1024K, 6 young (6144K), 6 survivors (6144K)
 Metaspace       used 35022K, capacity 35798K, committed 35840K, reserved 1081344K
  class space    used 4538K, capacity 4832K, committed 4864K, reserved 1048576K
}
Event: 4.637 GC heap before
{Heap before GC invocations=6 (full 0):
 garbage-first heap   total 262144K, used 131594K [0x0000000080000000, 0x0000000100000000)
  region size 1024K, 110 young (112640K), 6 survivors (6144K)
 Metaspace       used 43209K, capacity 44255K, committed 44416K, reserved 1087488K
  class space    used 5512K, capacity 5889K, committed 6016K, reserved 1048576K
}
Event: 4.646 GC heap after
{Heap after GC invocations=7 (full 0):
 garbage-first heap   total 262144K, used 28432K [0x0000000080000000, 0x0000000100000000)
  region size 1024K, 12 young (12288K), 12 survivors (12288K)
 Metaspace       used 43209K, capacity 44255K, committed 44416K, reserved 1087488K
  class space    used 5512K, capacity 5889K, committed 6016K, reserved 1048576K
}

